Release 14.7 - xst P.20131013 (nt64)
Copyright (c) 1995-2013 Xilinx, Inc.  All rights reserved.
--> Parameter TMPDIR set to xst/projnav.tmp


Total REAL time to Xst completion: 0.00 secs
Total CPU time to Xst completion: 0.31 secs
 
--> Parameter xsthdpdir set to xst


Total REAL time to Xst completion: 0.00 secs
Total CPU time to Xst completion: 0.32 secs
 
--> Reading design: ALU.prj

TABLE OF CONTENTS
  1) Synthesis Options Summary
  2) HDL Parsing
  3) HDL Elaboration
  4) HDL Synthesis
       4.1) HDL Synthesis Report
  5) Advanced HDL Synthesis
       5.1) Advanced HDL Synthesis Report
  6) Low Level Synthesis
  7) Partition Report
  8) Design Summary
       8.1) Primitive and Black Box Usage
       8.2) Device utilization summary
       8.3) Partition Resource Summary
       8.4) Timing Report
            8.4.1) Clock Information
            8.4.2) Asynchronous Control Signals Information
            8.4.3) Timing Summary
            8.4.4) Timing Details
            8.4.5) Cross Clock Domains Report


=========================================================================
*                      Synthesis Options Summary                        *
=========================================================================
---- Source Parameters
Input File Name                    : "ALU.prj"
Ignore Synthesis Constraint File   : NO

---- Target Parameters
Output File Name                   : "ALU"
Output Format                      : NGC
Target Device                      : xc6slx4-3-tqg144

---- Source Options
Top Module Name                    : ALU
Automatic FSM Extraction           : YES
FSM Encoding Algorithm             : Auto
Safe Implementation                : No
FSM Style                          : LUT
RAM Extraction                     : Yes
RAM Style                          : Auto
ROM Extraction                     : Yes
Shift Register Extraction          : YES
ROM Style                          : Auto
Resource Sharing                   : YES
Asynchronous To Synchronous        : NO
Shift Register Minimum Size        : 2
Use DSP Block                      : Auto
Automatic Register Balancing       : No

---- Target Options
LUT Combining                      : Auto
Reduce Control Sets                : Auto
Add IO Buffers                     : YES
Global Maximum Fanout              : 100000
Add Generic Clock Buffer(BUFG)     : 16
Register Duplication               : YES
Optimize Instantiated Primitives   : NO
Use Clock Enable                   : Auto
Use Synchronous Set                : Auto
Use Synchronous Reset              : Auto
Pack IO Registers into IOBs        : Auto
Equivalent register Removal        : YES

---- General Options
Optimization Goal                  : Speed
Optimization Effort                : 1
Power Reduction                    : NO
Keep Hierarchy                     : No
Netlist Hierarchy                  : As_Optimized
RTL Output                         : Yes
Global Optimization                : AllClockNets
Read Cores                         : YES
Write Timing Constraints           : NO
Cross Clock Analysis               : NO
Hierarchy Separator                : /
Bus Delimiter                      : <>
Case Specifier                     : Maintain
Slice Utilization Ratio            : 100
BRAM Utilization Ratio             : 100
DSP48 Utilization Ratio            : 100
Auto BRAM Packing                  : NO
Slice Utilization Ratio Delta      : 5

=========================================================================


=========================================================================
*                          HDL Parsing                                  *
=========================================================================
Parsing VHDL file "D:\Projet INSA\Processeur\ALU.vhd" into library work
Parsing entity <ALU>.
Parsing architecture <Behavioral> of entity <alu>.

=========================================================================
*                            HDL Elaboration                            *
=========================================================================

Elaborating entity <ALU> (architecture <Behavioral>) from library <work>.

=========================================================================
*                           HDL Synthesis                               *
=========================================================================

Synthesizing Unit <ALU>.
    Related source file is "D:\Projet INSA\Processeur\ALU.vhd".
    Found 9-bit adder for signal <memoire_A[8]_memoire_B[8]_add_9_OUT> created at line 52.
    Found 9-bit subtractor for signal <GND_7_o_GND_7_o_sub_8_OUT<8:0>> created at line 53.
    Found 8x8-bit multiplier for signal <A[7]_B[7]_MuLt_5_OUT> created at line 54.
    Found 16-bit 4-to-1 multiplexer for signal <_n0047> created at line 45.
    Summary:
	inferred   1 Multiplier(s).
	inferred   2 Adder/Subtractor(s).
	inferred   1 Multiplexer(s).
Unit <ALU> synthesized.

=========================================================================
HDL Synthesis Report

Macro Statistics
# Multipliers                                          : 1
 8x8-bit multiplier                                    : 1
# Adders/Subtractors                                   : 2
 9-bit adder                                           : 1
 9-bit subtractor                                      : 1
# Multiplexers                                         : 1
 16-bit 4-to-1 multiplexer                             : 1

=========================================================================

=========================================================================
*                       Advanced HDL Synthesis                          *
=========================================================================


=========================================================================
Advanced HDL Synthesis Report

Macro Statistics
# Multipliers                                          : 1
 8x8-bit multiplier                                    : 1
# Adders/Subtractors                                   : 2
 9-bit adder                                           : 1
 9-bit subtractor                                      : 1
# Multiplexers                                         : 1
 16-bit 4-to-1 multiplexer                             : 1

=========================================================================

=========================================================================
*                         Low Level Synthesis                           *
=========================================================================

Optimizing unit <ALU> ...

Mapping all equations...
Building and optimizing final netlist ...
Found area constraint ratio of 100 (+ 5) on block ALU, actual ratio is 1.

Final Macro Processing ...

=========================================================================
Final Register Report

Found no macro
=========================================================================

=========================================================================
*                           Partition Report                            *
=========================================================================

Partition Implementation Status
-------------------------------

  No Partitions were found in this design.

-------------------------------

=========================================================================
*                            Design Summary                             *
=========================================================================

Top Level Output File Name         : ALU.ngc

Primitive and Black Box Usage:
------------------------------
# BELS                             : 62
#      GND                         : 1
#      LUT2                        : 16
#      LUT3                        : 1
#      LUT6                        : 10
#      MUXCY                       : 16
#      VCC                         : 1
#      XORCY                       : 17
# IO Buffers                       : 31
#      IBUF                        : 19
#      OBUF                        : 12
# DSPs                             : 1
#      DSP48A1                     : 1

Device utilization summary:
---------------------------

Selected Device : 6slx4tqg144-3 


Slice Logic Utilization: 
 Number of Slice LUTs:                   27  out of   2400     1%  
    Number used as Logic:                27  out of   2400     1%  

Slice Logic Distribution: 
 Number of LUT Flip Flop pairs used:     27
   Number with an unused Flip Flop:      27  out of     27   100%  
   Number with an unused LUT:             0  out of     27     0%  
   Number of fully used LUT-FF pairs:     0  out of     27     0%  
   Number of unique control sets:         0

IO Utilization: 
 Number of IOs:                          31
 Number of bonded IOBs:                  31  out of    102    30%  

Specific Feature Utilization:
 Number of DSP48A1s:                      1  out of      8    12%  

---------------------------
Partition Resource Summary:
---------------------------

  No Partitions were found in this design.

---------------------------


=========================================================================
Timing Report

NOTE: THESE TIMING NUMBERS ARE ONLY A SYNTHESIS ESTIMATE.
      FOR ACCURATE TIMING INFORMATION PLEASE REFER TO THE TRACE REPORT
      GENERATED AFTER PLACE-and-ROUTE.

Clock Information:
------------------
No clock signals found in this design

Asynchronous Control Signals Information:
----------------------------------------
No asynchronous control signals found in this design

Timing Summary:
---------------
Speed Grade: -3

   Minimum period: No path found
   Minimum input arrival time before clock: No path found
   Maximum output required time after clock: No path found
   Maximum combinational path delay: 11.006ns

Timing Details:
---------------
All values displayed in nanoseconds (ns)

=========================================================================
Timing constraint: Default path analysis
  Total number of paths / destination ports: 771 / 10
-------------------------------------------------------------------------
Delay:               11.006ns (Levels of Logic = 6)
  Source:            A<7> (PAD)
  Destination:       Z (PAD)

  Data Path: A<7> to Z
                                Gate     Net
    Cell:in->out      fanout   Delay   Delay  Logical Name (Net Name)
    ----------------------------------------  ------------
     IBUF:I->O             3   1.222   0.650  A_7_IBUF (A_7_IBUF)
     DSP48A1:B7->M7        1   3.364   0.580  Mmult_A[7]_B[7]_MuLt_5_OUT (A[7]_B[7]_MuLt_5_OUT<7>)
     LUT6:I5->O            2   0.205   0.845  memoire<7>1 (S_7_OBUF)
     LUT3:I0->O            1   0.205   0.580  Z<7>_SW0 (N4)
     LUT6:I5->O            1   0.205   0.579  Z<7> (Z_OBUF)
     OBUF:I->O                 2.571          Z_OBUF (Z)
    ----------------------------------------
    Total                     11.006ns (7.772ns logic, 3.234ns route)
                                       (70.6% logic, 29.4% route)

=========================================================================

Cross Clock Domains Report:
--------------------------

=========================================================================


Total REAL time to Xst completion: 13.00 secs
Total CPU time to Xst completion: 12.32 secs
 
--> 

Total memory usage is 4537276 kilobytes

Number of errors   :    0 (   0 filtered)
Number of warnings :    0 (   0 filtered)
Number of infos    :    0 (   0 filtered)

